2014/04/18 20:32:08 にビルドを開始しました。
     1>ノード 2 上のプロジェクト "C:\Users\s132058\Desktop\CESA企画\JOIN FORCES\FrameWork.vcxproj" (Build ターゲット)。
     1>_MeshContentTask:
         interface\model\peach.FBX
         interface\model\sphere.FBX
         interface\model\floor.FBX
         interface\model\sample.FBX
       ClCompile:
         C:\Program Files (x86)\Microsoft Visual Studio 12.0\VC\bin\CL.exe /c /I"C:\Program Files (x86)\Microsoft DirectX SDK (June 2010)\Include" /ZI /nologo /W3 /WX- /Od /Oy- /D WIN32 /D _DEBUG /D _WINDOWS /D _UNICODE /D UNICODE /Gm /EHsc /RTC1 /MDd /GS /fp:precise /Zc:wchar_t /Zc:forScope /Yu"stdafx.h" /Fp"Debug\FrameWork.pch" /Fo"Debug\\" /Fd"Debug\vc120.pdb" /Gd /TP /FIstdafx.h /analyze- /errorReport:prompt sourses\ModelManager.cpp
         ModelManager.cpp
     1>c:\users\s132058\desktop\cesa企画\join forces\sourses\modelmanager.cpp(95): warning C4101: 'sceneModels' : ローカル変数は 1 度も使われていません。
       Link:
         C:\Program Files (x86)\Microsoft Visual Studio 12.0\VC\bin\link.exe /ERRORREPORT:PROMPT /OUT:"C:\Users\s132058\Desktop\CESA企画\JOIN FORCES\Debug\FrameWork.exe" /INCREMENTAL /NOLOGO /LIBPATH:"C:\Program Files (x86)\Microsoft DirectX SDK (June 2010)\Lib\x86" kernel32.lib user32.lib gdi32.lib winspool.lib comdlg32.lib advapi32.lib shell32.lib ole32.lib oleaut32.lib uuid.lib odbc32.lib odbccp32.lib /MANIFEST /MANIFESTUAC:"level='asInvoker' uiAccess='false'" /manifest:embed /DEBUG /PDB:"C:\Users\s132058\Desktop\CESA企画\JOIN FORCES\Debug\FrameWork.pdb" /SUBSYSTEM:WINDOWS /TLBID:1 /DYNAMICBASE /NXCOMPAT /IMPLIB:"C:\Users\s132058\Desktop\CESA企画\JOIN FORCES\Debug\FrameWork.lib" /MACHINE:X86 Debug\AudioManager.obj
         Debug\BaseEffect.obj
         Debug\BaseEntity.obj
         Debug\BaseScene.obj
         Debug\Camera.obj
         Debug\CameraState.obj
         Debug\CollisionManager.obj
         Debug\DirectX.obj
         Debug\EffectManager.obj
         Debug\EntityFactory.obj
         Debug\EntityManager.obj
         Debug\Entity_Cube.obj
         Debug\Entity_Sphere.obj
         Debug\FpsTimer.obj
         Debug\Game3DEntity.obj
         Debug\GameEntityState.obj
         Debug\ImageManager.obj
         Debug\KeyManager.obj
         Debug\Logo.obj
         Debug\Main.obj
         Debug\MessageDispatcher.obj
         Debug\ModelManager.obj
         Debug\Object.obj
         Debug\Play.obj
         Debug\Procedure.obj
         Debug\SceneChanger.obj
         Debug\SceneManager.obj
         Debug\stdafx.obj
         Debug\SystemManager.obj
         Debug\Title.obj
         Debug\Window.obj
         FrameWork.vcxproj -> C:\Users\s132058\Desktop\CESA企画\JOIN FORCES\Debug\FrameWork.exe
     1>プロジェクト "C:\Users\s132058\Desktop\CESA企画\JOIN FORCES\FrameWork.vcxproj" (Build ターゲット) のビルドが完了しました。

ビルドに成功しました。

経過時間 00:00:00.71
